<?xml version="1.0" encoding="UTF-8"?>
<testsuite xmlns:xsi="http://www.w3.org/2001/XMLSchema-instance" xsi:noNamespaceSchemaLocation="https://maven.apache.org/surefire/maven-surefire-plugin/xsd/surefire-test-report.xsd" name="com.complexible.common.csv.DependencyTest" time="1.001" tests="3" errors="0" skipped="0" failures="0">
  <properties>
    <property name="sun.desktop" value="windows"/>
    <property name="awt.toolkit" value="sun.awt.windows.WToolkit"/>
    <property name="java.specification.version" value="11"/>
    <property name="sun.cpu.isalist" value="amd64"/>
    <property name="sun.jnu.encoding" value="Cp1250"/>
    <property name="java.class.path" value="C:\Users\MrGamble\Downloads\git\csv-szindikatus-iet-2020\build\test-classes;C:\Users\MrGamble\Downloads\git\csv-szindikatus-iet-2020\build\classes;C:\Users\MrGamble\.m2\repository\io\airlift\airline\0.6\airline-0.6.jar;C:\Users\MrGamble\.m2\repository\javax\inject\javax.inject\1\javax.inject-1.jar;C:\Users\MrGamble\.m2\repository\org\openrdf\sesame\sesame-rio-api\4.1.2\sesame-rio-api-4.1.2.jar;C:\Users\MrGamble\.m2\repository\org\openrdf\sesame\sesame-model\4.1.2\sesame-model-4.1.2.jar;C:\Users\MrGamble\.m2\repository\org\openrdf\sesame\sesame-util\4.1.2\sesame-util-4.1.2.jar;C:\Users\MrGamble\.m2\repository\org\openrdf\sesame\sesame-rio-turtle\4.1.2\sesame-rio-turtle-4.1.2.jar;C:\Users\MrGamble\.m2\repository\org\openrdf\sesame\sesame-rio-datatypes\4.1.2\sesame-rio-datatypes-4.1.2.jar;C:\Users\MrGamble\.m2\repository\org\openrdf\sesame\sesame-rio-languages\4.1.2\sesame-rio-languages-4.1.2.jar;C:\Users\MrGamble\.m2\repository\commons-io\commons-io\2.4\commons-io-2.4.jar;C:\Users\MrGamble\.m2\repository\au\com\bytecode\opencsv\2.4\opencsv-2.4.jar;C:\Users\MrGamble\.m2\repository\com\google\guava\guava\18.0\guava-18.0.jar;C:\Users\MrGamble\.m2\repository\org\apache\logging\log4j\log4j-slf4j-impl\2.13.2\log4j-slf4j-impl-2.13.2.jar;C:\Users\MrGamble\.m2\repository\org\slf4j\slf4j-api\1.7.25\slf4j-api-1.7.25.jar;C:\Users\MrGamble\.m2\repository\org\apache\logging\log4j\log4j-api\2.13.2\log4j-api-2.13.2.jar;C:\Users\MrGamble\.m2\repository\org\apache\logging\log4j\log4j-core\2.13.2\log4j-core-2.13.2.jar;C:\Users\MrGamble\.m2\repository\org\mockito\mockito-all\1.10.19\mockito-all-1.10.19.jar;C:\Users\MrGamble\.m2\repository\org\junit\jupiter\junit-jupiter-api\5.7.0-M1\junit-jupiter-api-5.7.0-M1.jar;C:\Users\MrGamble\.m2\repository\org\apiguardian\apiguardian-api\1.1.0\apiguardian-api-1.1.0.jar;C:\Users\MrGamble\.m2\repository\org\opentest4j\opentest4j\1.2.0\opentest4j-1.2.0.jar;C:\Users\MrGamble\.m2\repository\org\junit\platform\junit-platform-commons\1.7.0-M1\junit-platform-commons-1.7.0-M1.jar;C:\Users\MrGamble\.m2\repository\junit\junit\4.13\junit-4.13.jar;C:\Users\MrGamble\.m2\repository\org\hamcrest\hamcrest-core\1.3\hamcrest-core-1.3.jar;"/>
    <property name="java.vm.vendor" value="Oracle Corporation"/>
    <property name="sun.arch.data.model" value="64"/>
    <property name="user.variant" value=""/>
    <property name="java.vendor.url" value="http://java.oracle.com/"/>
    <property name="user.timezone" value="Europe/Prague"/>
    <property name="java.vm.specification.version" value="11"/>
    <property name="os.name" value="Windows 10"/>
    <property name="sun.java.launcher" value="SUN_STANDARD"/>
    <property name="user.country" value="US"/>
    <property name="sun.boot.library.path" value="C:\Program Files\Java\jdk-11.0.5\bin"/>
    <property name="sun.java.command" value="C:\Users\MrGamble\AppData\Local\Temp\surefire14303553744999256534\surefirebooter7527963996255693199.jar C:\Users\MrGamble\AppData\Local\Temp\surefire14303553744999256534 2020-05-03T20-39-36_056-jvmRun1 surefire3396899664676038052tmp surefire_014428534160740249703tmp"/>
    <property name="jdk.debug" value="release"/>
    <property name="surefire.test.class.path" value="C:\Users\MrGamble\Downloads\git\csv-szindikatus-iet-2020\build\test-classes;C:\Users\MrGamble\Downloads\git\csv-szindikatus-iet-2020\build\classes;C:\Users\MrGamble\.m2\repository\io\airlift\airline\0.6\airline-0.6.jar;C:\Users\MrGamble\.m2\repository\javax\inject\javax.inject\1\javax.inject-1.jar;C:\Users\MrGamble\.m2\repository\org\openrdf\sesame\sesame-rio-api\4.1.2\sesame-rio-api-4.1.2.jar;C:\Users\MrGamble\.m2\repository\org\openrdf\sesame\sesame-model\4.1.2\sesame-model-4.1.2.jar;C:\Users\MrGamble\.m2\repository\org\openrdf\sesame\sesame-util\4.1.2\sesame-util-4.1.2.jar;C:\Users\MrGamble\.m2\repository\org\openrdf\sesame\sesame-rio-turtle\4.1.2\sesame-rio-turtle-4.1.2.jar;C:\Users\MrGamble\.m2\repository\org\openrdf\sesame\sesame-rio-datatypes\4.1.2\sesame-rio-datatypes-4.1.2.jar;C:\Users\MrGamble\.m2\repository\org\openrdf\sesame\sesame-rio-languages\4.1.2\sesame-rio-languages-4.1.2.jar;C:\Users\MrGamble\.m2\repository\commons-io\commons-io\2.4\commons-io-2.4.jar;C:\Users\MrGamble\.m2\repository\au\com\bytecode\opencsv\2.4\opencsv-2.4.jar;C:\Users\MrGamble\.m2\repository\com\google\guava\guava\18.0\guava-18.0.jar;C:\Users\MrGamble\.m2\repository\org\apache\logging\log4j\log4j-slf4j-impl\2.13.2\log4j-slf4j-impl-2.13.2.jar;C:\Users\MrGamble\.m2\repository\org\slf4j\slf4j-api\1.7.25\slf4j-api-1.7.25.jar;C:\Users\MrGamble\.m2\repository\org\apache\logging\log4j\log4j-api\2.13.2\log4j-api-2.13.2.jar;C:\Users\MrGamble\.m2\repository\org\apache\logging\log4j\log4j-core\2.13.2\log4j-core-2.13.2.jar;C:\Users\MrGamble\.m2\repository\org\mockito\mockito-all\1.10.19\mockito-all-1.10.19.jar;C:\Users\MrGamble\.m2\repository\org\junit\jupiter\junit-jupiter-api\5.7.0-M1\junit-jupiter-api-5.7.0-M1.jar;C:\Users\MrGamble\.m2\repository\org\apiguardian\apiguardian-api\1.1.0\apiguardian-api-1.1.0.jar;C:\Users\MrGamble\.m2\repository\org\opentest4j\opentest4j\1.2.0\opentest4j-1.2.0.jar;C:\Users\MrGamble\.m2\repository\org\junit\platform\junit-platform-commons\1.7.0-M1\junit-platform-commons-1.7.0-M1.jar;C:\Users\MrGamble\.m2\repository\junit\junit\4.13\junit-4.13.jar;C:\Users\MrGamble\.m2\repository\org\hamcrest\hamcrest-core\1.3\hamcrest-core-1.3.jar;"/>
    <property name="sun.cpu.endian" value="little"/>
    <property name="user.home" value="C:\Users\MrGamble"/>
    <property name="user.language" value="en"/>
    <property name="java.specification.vendor" value="Oracle Corporation"/>
    <property name="java.version.date" value="2019-10-15"/>
    <property name="java.home" value="C:\Program Files\Java\jdk-11.0.5"/>
    <property name="file.separator" value="\"/>
    <property name="basedir" value="C:\Users\MrGamble\Downloads\git\csv-szindikatus-iet-2020"/>
    <property name="java.vm.compressedOopsMode" value="32-bit"/>
    <property name="line.separator" value="&#10;"/>
    <property name="java.specification.name" value="Java Platform API Specification"/>
    <property name="java.vm.specification.vendor" value="Oracle Corporation"/>
    <property name="java.awt.graphicsenv" value="sun.awt.Win32GraphicsEnvironment"/>
    <property name="surefire.real.class.path" value="C:\Users\MrGamble\AppData\Local\Temp\surefire14303553744999256534\surefirebooter7527963996255693199.jar"/>
    <property name="user.script" value=""/>
    <property name="sun.management.compiler" value="HotSpot 64-Bit Tiered Compilers"/>
    <property name="java.runtime.version" value="11.0.5+10-LTS"/>
    <property name="user.name" value="MrGamble"/>
    <property name="path.separator" value=";"/>
    <property name="os.version" value="10.0"/>
    <property name="java.runtime.name" value="Java(TM) SE Runtime Environment"/>
    <property name="file.encoding" value="Cp1250"/>
    <property name="java.vm.name" value="Java HotSpot(TM) 64-Bit Server VM"/>
    <property name="java.vendor.version" value="18.9"/>
    <property name="localRepository" value="C:\Users\MrGamble\.m2\repository"/>
    <property name="java.vendor.url.bug" value="http://bugreport.java.com/bugreport/"/>
    <property name="java.io.tmpdir" value="C:\Users\MrGamble\AppData\Local\Temp\"/>
    <property name="idea.version" value="2018.2.3"/>
    <property name="java.version" value="11.0.5"/>
    <property name="user.dir" value="C:\Users\MrGamble\Downloads\git\csv-szindikatus-iet-2020"/>
    <property name="os.arch" value="amd64"/>
    <property name="java.vm.specification.name" value="Java Virtual Machine Specification"/>
    <property name="java.awt.printerjob" value="sun.awt.windows.WPrinterJob"/>
    <property name="sun.os.patch.level" value=""/>
    <property name="java.library.path" value="C:\Program Files\Java\jdk-11.0.5\bin;C:\WINDOWS\Sun\Java\bin;C:\WINDOWS\system32;C:\WINDOWS;C:\Program Files\Java\jdk-11.0.5\lib;G:\JAVA\IntelliJ IDEA Community Edition 2018.2.3\jdk64\bin;C:\Program Files (x86)\Common Files\Oracle\Java\javapath;C:\ProgramData\Oracle\Java\javapath;C:\Program Files\Broadcom\Broadcom 802.11 Network Adapter;C:\Windows\system32;C:\Windows;C:\Windows\System32\Wbem;C:\Windows\System32\WindowsPowerShell\v1.0\;C:\Users\MrGamble\.dnx\bin;C:\Program Files\Microsoft DNX\Dnvm\;C:\Program Files\Microsoft SQL Server\130\Tools\Binn\;C:\Program Files (x86)\NVIDIA Corporation\PhysX\Common;c:\Program Files\Intel\WiFi\bin\;c:\Program Files\Common Files\Intel\WirelessCommon\;C:\Program Files (x86)\GtkSharp\2.12\bin;C:\WINDOWS\system32;C:\WINDOWS;C:\WINDOWS\System32\Wbem;C:\WINDOWS\System32\WindowsPowerShell\v1.0\;C:\Program Files (x86)\NVIDIA Corporation\DDS Utilities;C:\WINDOWS\System32\OpenSSH\;G:\Git\cmd;C:\Program Files\dotnet\;C:\Program Files (x86)\Microsoft SQL Server\150\DTS\Binn\;C:\Program Files (x86)\Microsoft SQL Server\110\DTS\Binn\;C:\Program Files (x86)\Microsoft SQL Serv;F:\programfiles\;C:\Program Files\Java\jdk-11.0.5\bin;C:\Users\MrGamble\Downloads\apache-maven-3.6.3-bin\apache-maven-3.6.3;C:\Users\MrGamble\Downloads\HermiT;C:\Users\MrGamble\AppData\Local\Microsoft\WindowsApps;C:\Users\MrGamble\AppData\Local\Programs\Microsoft VS Code\bin;C:\Program Files (x86)\FAHClient;C:\Users\MrGamble\AppData\Local\atom\bin;C:\Users\MrGamble\AppData\Roaming\npm;C:\Program Files\Java\jdk-11.0.5\bin;;."/>
    <property name="java.vendor" value="Oracle Corporation"/>
    <property name="java.vm.info" value="mixed mode"/>
    <property name="java.vm.version" value="11.0.5+10-LTS"/>
    <property name="sun.io.unicode.encoding" value="UnicodeLittle"/>
    <property name="java.class.version" value="55.0"/>
  </properties>
  <testcase name="sanityCheck" classname="com.complexible.common.csv.DependencyTest" time="0.02"/>
  <testcase name="formatDetectionTest" classname="com.complexible.common.csv.DependencyTest" time="0.848"/>
  <testcase name="createWriterTest" classname="com.complexible.common.csv.DependencyTest" time="0.009"/>
</testsuite>